warning: /app/crates/auth-platform/Cargo.toml: file `/app/crates/auth-platform/src/lib.rs` found to be present in multiple build targets:
  * `lib` target `auth_platform`
  * `integration-test` target `lib`
    Checking auth-extension v0.1.0 (/app/crates/auth-extension)
    Checking auth-cache v0.1.0 (/app/crates/auth-cache)
    Checking auth-protocols v0.1.0 (/app/crates/auth-protocols)
    Checking auth-audit v0.1.0 (/app/crates/auth-audit)
    Checking auth-api v0.1.0 (/app/crates/auth-api)
warning: unused import: `auth_cache::Cache`
  --> crates/auth-api/src/handlers/oidc_provider.rs:11:5
   |
11 | use auth_cache::Cache;
   |     ^^^^^^^^^^^^^^^^^
   |
   = note: `#[warn(unused_imports)]` (part of `#[warn(unused)]`) on by default

warning: `auth-api` (lib) generated 1 warning
    Checking auth-sso-platform v0.1.0 (/app)
    Finished `dev` profile [unoptimized + debuginfo] target(s) in 5.26s
warning: the following packages contain code that will be rejected by a future version of Rust: redis v0.24.0
note: to see what the problems were, use the option `--future-incompat-report`, or run `cargo report future-incompatibilities --id 1`
